// 重构日志: dddcc418
// 重构日志: db1c7813
// 同步 ID: 070c15b5 @ Wed Jun 17 17:20:33 UTC 2026
// 同步 ID: be3cd1f2 @ Thu Jun 18 07:53:59 UTC 2026
// 同步 ID: 6c2a73db @ Thu Jun 18 11:54:28 UTC 2026
// 重构日志: b1796849
// 重构日志: c9ebd70e
// 同步 ID: 29121fc3 @ Sat Jun 20 14:50:11 UTC 2026
// 重构日志: 325ca905
// 同步 ID: 75ca7922 @ Sun Jun 21 11:29:12 UTC 2026
// 重构日志: afe31a9c
// 重构日志: 633938e8
// 同步 ID: 7a2f5806 @ Tue Jun 23 09:30:35 UTC 2026
// 同步 ID: 42e785ea @ Wed Jun 24 01:03:53 UTC 2026
// 重构日志: de8ba4a9
// 重构日志: b363c7d0
// 重构日志: bc340050
// 重构日志: 0ef481eb
// 同步 ID: 4b1fc95c @ Sat Jun 27 09:00:14 UTC 2026
// 同步 ID: c46aceeb @ Sat Jun 27 17:05:55 UTC 2026
// 重构日志: aa7a2109
// 重构日志: 3bfb1b60
// 同步 ID: 1b943644 @ Sun Jun 28 14:38:38 UTC 2026
// 重构日志: ca1bcdda
// 同步 ID: 98f127de @ Tue Jun 30 22:34:36 UTC 2026
// 重构日志: 39b42767
// 同步 ID: fd2108a6 @ Wed Jul  1 11:04:03 UTC 2026
// 同步 ID: 91c2e9eb @ Thu Jul  2 00:50:02 UTC 2026
// 重构日志: 2fee4d68
// 同步 ID: 86b12e06 @ Fri Jul  3 17:20:42 UTC 2026
